--------------------
./configure CC=aarch64-linux-gnu-gcc --prefix=/home/niklas/rootfs/usr/local
Wed Oct 25 11:54:39 CEST 2023
unknown option: CC=aarch64-linux-gnu-gcc
./configure --help for help
** ./configure aborting.
--------------------


--------------------
./configure --prefix=/home/niklas/rootfs/usr/local
Wed Oct 25 11:55:49 CEST 2023
=== ztest9107.c ===
extern int getchar();
int hello() {return getchar();}
===
aarch64-linux-gnu-gcc -c ztest9107.c
... using gcc

Checking for obsessive-compulsive compiler options...
=== ztest9107.c ===
int foo() { return 0; }
===
aarch64-linux-gnu-gcc -c -O3 ztest9107.c

Checking for shared library support...
=== ztest9107.c ===
extern int getchar();
int hello() {return getchar();}
===
aarch64-linux-gnu-gcc -w -c -O3 -fPIC ztest9107.c
aarch64-linux-gnu-gcc -shared -Wl,-soname,libz.so.1,--version-script,zlib.map -O3 -fPIC -o ztest9107.so ztest9107.o
Building shared library libz.so.1.3 with aarch64-linux-gnu-gcc.

=== ztest9107.c ===
#include <stdio.h>
#include <stdlib.h>
size_t dummy = 0;
===
aarch64-linux-gnu-gcc -c -O3 ztest9107.c
Checking for size_t... Yes.

=== ztest9107.c ===
#include <sys/types.h>
off64_t dummy = 0;
===
aarch64-linux-gnu-gcc -c -O3 -D_LARGEFILE64_SOURCE=1 ztest9107.c
Checking for off64_t... Yes.
Checking for fseeko... Yes.

=== ztest9107.c ===
#include <string.h>
#include <errno.h>
int main() { return strlen(strerror(errno)); }
===
aarch64-linux-gnu-gcc -O3 -D_LARGEFILE64_SOURCE=1 -o ztest9107 ztest9107.c
Checking for strerror... Yes.

=== ztest9107.c ===
#include <unistd.h>
int main() { return 0; }
===
aarch64-linux-gnu-gcc -c -O3 -D_LARGEFILE64_SOURCE=1 ztest9107.c
Checking for unistd.h... Yes.

=== ztest9107.c ===
#include <stdarg.h>
int main() { return 0; }
===
aarch64-linux-gnu-gcc -c -O3 -D_LARGEFILE64_SOURCE=1 ztest9107.c
Checking for stdarg.h... Yes.

=== ztest9107.c ===
#include <stdio.h>
#include <stdarg.h>
#include "zconf.h"
int main()
{
#ifndef STDC
  choke me
#endif
  return 0;
}
===
aarch64-linux-gnu-gcc -c -O3 -D_LARGEFILE64_SOURCE=1 ztest9107.c
Checking whether to use vs[n]printf() or s[n]printf()... using vs[n]printf().

=== ztest9107.c ===
#include <stdio.h>
#include <stdarg.h>
int mytest(const char *fmt, ...)
{
  char buf[20];
  va_list ap;
  va_start(ap, fmt);
  vsnprintf(buf, sizeof(buf), fmt, ap);
  va_end(ap);
  return 0;
}
int main()
{
  return (mytest("Hello%d\n", 1));
}
===
aarch64-linux-gnu-gcc -O3 -D_LARGEFILE64_SOURCE=1 -o ztest9107 ztest9107.c
Checking for vsnprintf() in stdio.h... Yes.

=== ztest9107.c ===
#include <stdio.h>
#include <stdarg.h>
int mytest(const char *fmt, ...)
{
  int n;
  char buf[20];
  va_list ap;
  va_start(ap, fmt);
  n = vsnprintf(buf, sizeof(buf), fmt, ap);
  va_end(ap);
  return n;
}
int main()
{
  return (mytest("Hello%d\n", 1));
}
===
aarch64-linux-gnu-gcc -c -O3 -D_LARGEFILE64_SOURCE=1 ztest9107.c
Checking for return value of vsnprintf()... Yes.

=== ztest9107.c ===
#define ZLIB_INTERNAL __attribute__((visibility ("hidden")))
int ZLIB_INTERNAL foo;
int main()
{
  return 0;
}
===
aarch64-linux-gnu-gcc -c -O3 -D_LARGEFILE64_SOURCE=1 ztest9107.c
Checking for attribute(visibility) support... Yes.

ALL = static shared all64
AR = ar
ARFLAGS = rc
CC = aarch64-linux-gnu-gcc
CFLAGS = -O3 -D_LARGEFILE64_SOURCE=1 -DHAVE_HIDDEN
CPP =
EXE =
LDCONFIG = ldconfig
LDFLAGS =
LDSHARED = aarch64-linux-gnu-gcc -shared -Wl,-soname,libz.so.1,--version-script,zlib.map
LDSHAREDLIBC = -lc
OBJC = $(OBJZ) $(OBJG)
PIC_OBJC = $(PIC_OBJZ) $(PIC_OBJG)
RANLIB = ranlib
SFLAGS = -O3 -fPIC -D_LARGEFILE64_SOURCE=1 -DHAVE_HIDDEN
SHAREDLIB = libz.so
SHAREDLIBM = libz.so.1
SHAREDLIBV = libz.so.1.3
STATICLIB = libz.a
TEST = all teststatic testshared test64
VER = 1.3
SRCDIR =
exec_prefix = ${prefix}
includedir = ${prefix}/include
libdir = ${exec_prefix}/lib
mandir = ${prefix}/share/man
prefix = /home/niklas/rootfs/usr/local
sharedlibdir = ${libdir}
uname = Linux
--------------------


